<?xml version="1.0" encoding="UTF-8"?>
<!-- Generated by org.testng.reporters.JUnitReportReporter -->
<testsuite skipped="0" hostname="ISIPL-PUNV-L384" name="testCases.TestCase1" tests="6" failures="0" timestamp="2022-09-16T17:26:13 IST" time="4.206" errors="0">
  <testcase name="doForgot" time="0.045" classname="testCases.TestCase1"/>
  <system-out/>
  <testcase name="googletest" time="0.003" classname="testCases.TestCase1"/>
  <system-out/>
  <testcase name="doRegi" time="0.000" classname="testCases.TestCase1"/>
  <system-out/>
  <testcase name="doSkip" time="0.004" classname="testCases.TestCase1"/>
  <system-out/>
  <testcase name="wikiTestCase" time="4.151" classname="testCases.TestCase1"/>
  <system-out/>
  <testcase name="doLogin" time="0.003" classname="testCases.TestCase1"/>
  <system-out/>
</testsuite> <!-- testCases.TestCase1 -->
